[INFO  - 2017-09-04T11:31:03.398Z] GhostDriver - Main - running on port 8260
[INFO  - 2017-09-04T11:31:03.976Z] Session [8905df30-9164-11e7-819a-a7e51c3f9c59] - page.settings - {"XSSAuditingEnabled":false,"javascriptCanCloseWindows":true,"javascriptCanOpenWindows":true,"javascriptEnabled":true,"loadImages":true,"localToRemoteUrlAccessEnabled":false,"userAgent":"Mozilla/5.0 (Windows NT 6.1; WOW64) AppleWebKit/538.1 (KHTML, like Gecko) PhantomJS/2.1.1 Safari/538.1","webSecurityEnabled":true}
[INFO  - 2017-09-04T11:31:03.976Z] Session [8905df30-9164-11e7-819a-a7e51c3f9c59] - page.customHeaders:  - {}
[INFO  - 2017-09-04T11:31:03.976Z] Session [8905df30-9164-11e7-819a-a7e51c3f9c59] - Session.negotiatedCapabilities - {"browserName":"phantomjs","version":"2.1.1","driverName":"ghostdriver","driverVersion":"1.2.0","platform":"windows-7-32bit","javascriptEnabled":true,"takesScreenshot":true,"handlesAlerts":false,"databaseEnabled":false,"locationContextEnabled":false,"applicationCacheEnabled":false,"browserConnectionEnabled":false,"cssSelectorsEnabled":true,"webStorageEnabled":false,"rotatable":false,"acceptSslCerts":false,"nativeEvents":true,"proxy":{"proxyType":"direct"}}
[INFO  - 2017-09-04T11:31:03.976Z] SessionManagerReqHand - _postNewSessionCommand - New Session Created: 8905df30-9164-11e7-819a-a7e51c3f9c59
[ERROR - 2017-09-04T11:31:37.093Z] WebElementLocator - _handleLocateCommand - Element(s) NOT Found: GAVE UP. Search Stop Time: 1504524697040
[INFO  - 2017-09-04T11:31:37.178Z] ShutdownReqHand - _handle - About to shutdown
[INFO  - 2017-09-04T11:32:55.903Z] GhostDriver - Main - running on port 48305
[INFO  - 2017-09-04T11:32:56.857Z] Session [cc4e2540-9164-11e7-bcbd-4f572a0e5172] - page.settings - {"XSSAuditingEnabled":false,"javascriptCanCloseWindows":true,"javascriptCanOpenWindows":true,"javascriptEnabled":true,"loadImages":true,"localToRemoteUrlAccessEnabled":false,"userAgent":"Mozilla/5.0 (Windows NT 6.1; WOW64) AppleWebKit/538.1 (KHTML, like Gecko) PhantomJS/2.1.1 Safari/538.1","webSecurityEnabled":true}
[INFO  - 2017-09-04T11:32:56.857Z] Session [cc4e2540-9164-11e7-bcbd-4f572a0e5172] - page.customHeaders:  - {}
[INFO  - 2017-09-04T11:32:56.858Z] Session [cc4e2540-9164-11e7-bcbd-4f572a0e5172] - Session.negotiatedCapabilities - {"browserName":"phantomjs","version":"2.1.1","driverName":"ghostdriver","driverVersion":"1.2.0","platform":"windows-7-32bit","javascriptEnabled":true,"takesScreenshot":true,"handlesAlerts":false,"databaseEnabled":false,"locationContextEnabled":false,"applicationCacheEnabled":false,"browserConnectionEnabled":false,"cssSelectorsEnabled":true,"webStorageEnabled":false,"rotatable":false,"acceptSslCerts":false,"nativeEvents":true,"proxy":{"proxyType":"direct"}}
[INFO  - 2017-09-04T11:32:56.858Z] SessionManagerReqHand - _postNewSessionCommand - New Session Created: cc4e2540-9164-11e7-bcbd-4f572a0e5172
[INFO  - 2017-09-04T11:37:55.906Z] SessionManagerReqHand - _cleanupWindowlessSessions - Asynchronous Sessions clean-up phase starting NOW
[INFO  - 2017-09-04T11:42:55.914Z] SessionManagerReqHand - _cleanupWindowlessSessions - Asynchronous Sessions clean-up phase starting NOW
[INFO  - 2017-09-04T11:47:55.915Z] SessionManagerReqHand - _cleanupWindowlessSessions - Asynchronous Sessions clean-up phase starting NOW
[INFO  - 2017-09-04T11:52:55.927Z] SessionManagerReqHand - _cleanupWindowlessSessions - Asynchronous Sessions clean-up phase starting NOW
[INFO  - 2017-09-04T11:57:55.927Z] SessionManagerReqHand - _cleanupWindowlessSessions - Asynchronous Sessions clean-up phase starting NOW
[INFO  - 2017-09-04T12:02:55.927Z] SessionManagerReqHand - _cleanupWindowlessSessions - Asynchronous Sessions clean-up phase starting NOW
[INFO  - 2017-09-04T12:07:55.929Z] SessionManagerReqHand - _cleanupWindowlessSessions - Asynchronous Sessions clean-up phase starting NOW
[INFO  - 2017-09-04T12:12:55.935Z] SessionManagerReqHand - _cleanupWindowlessSessions - Asynchronous Sessions clean-up phase starting NOW
[INFO  - 2017-09-04T12:17:55.941Z] SessionManagerReqHand - _cleanupWindowlessSessions - Asynchronous Sessions clean-up phase starting NOW
[INFO  - 2017-09-04T12:22:55.942Z] SessionManagerReqHand - _cleanupWindowlessSessions - Asynchronous Sessions clean-up phase starting NOW
[INFO  - 2017-09-04T12:27:55.944Z] SessionManagerReqHand - _cleanupWindowlessSessions - Asynchronous Sessions clean-up phase starting NOW
[INFO  - 2017-09-04T12:32:55.948Z] SessionManagerReqHand - _cleanupWindowlessSessions - Asynchronous Sessions clean-up phase starting NOW
nd - _cleanupWindowlessSessions - Asynchronous Sessions clean-up phase starting NOW
[INFO  - 2017-09-04T11:54:15.170Z] SessionManagerReqHand - _cleanupWindowlessSessions - Asynchronous Sessions clean-up phase starting NOW
[INFO  - 2017-09-04T11:59:15.173Z] SessionManagerReqHand - _cleanupWindowlessSessions - Asynchronous Sessions clean-up phase starting NOW
[INFO  - 2017-09-04T12:04:15.179Z] SessionManagerReqHand - _cleanupWindowlessSessions - Asynchronous Sessions clean-up phase starting NOW
[INFO  - 2017-09-04T12:09:15.185Z] SessionManagerReqHand - _cleanupWindowlessSessions - Asynchronous Sessions clean-up phase starting NOW
[INFO  - 2017-09-04T12:14:15.186Z] SessionManagerReqHand - _cleanupWindowlessSessions - Asynchronous Sessions clean-up phase starting NOW
[INFO  - 2017-09-04T12:19:15.189Z] SessionManagerReqHand - _cleanupWindowlessSessions - Asynchronous Sessions clean-up phase starting NOW
[INFO  - 2017-09-04T12:24:15.191Z] SessionManagerReqHand - _cleanupWindowlessSessions - Asynchronous Sessions clean-up phase starting NOW
[INFO  - 2017-09-04T12:29:15.201Z] SessionManagerReqHand - _cleanupWindowlessSessions - Asynchronous Sessions clean-up phase starting NOW
[INFO  - 2017-09-04T12:34:15.202Z] SessionManagerReqHand - _cleanupWindowlessSessions - Asynchronous Sessions clean-up phase starting NOW
 _postNewSessionCommand - New Session Created: 506b0760-9167-11e7-a735-07ee04c31e57
[INFO  - 2017-09-04T11:55:56.963Z] SessionManagerReqHand - _cleanupWindowlessSessions - Asynchronous Sessions clean-up phase starting NOW
[INFO  - 2017-09-04T12:00:56.983Z] SessionManagerReqHand - _cleanupWindowlessSessions - Asynchronous Sessions clean-up phase starting NOW
[INFO  - 2017-09-04T12:05:56.989Z] SessionManagerReqHand - _cleanupWindowlessSessions - Asynchronous Sessions clean-up phase starting NOW
[INFO  - 2017-09-04T12:10:56.990Z] SessionManagerReqHand - _cleanupWindowlessSessions - Asynchronous Sessions clean-up phase starting NOW
[INFO  - 2017-09-04T12:15:56.993Z] SessionManagerReqHand - _cleanupWindowlessSessions - Asynchronous Sessions clean-up phase starting NOW
[INFO  - 2017-09-04T12:20:57.002Z] SessionManagerReqHand - _cleanupWindowlessSessions - Asynchronous Sessions clean-up phase starting NOW
[INFO  - 2017-09-04T12:25:57.010Z] SessionManagerReqHand - _cleanupWindowlessSessions - Asynchronous Sessions clean-up phase starting NOW
[INFO  - 2017-09-04T12:30:57.010Z] SessionManagerReqHand - _cleanupWindowlessSessions - Asynchronous Sessions clean-up phase starting NOW
38.1 (KHTML, like Gecko) PhantomJS/2.1.1 Safari/538.1","webSecurityEnabled":true}
[INFO  - 2017-09-04T12:15:59.893Z] Session [cfea5010-916a-11e7-9d01-bb7116ec8469] - page.customHeaders:  - {}
[INFO  - 2017-09-04T12:15:59.893Z] Session [cfea5010-916a-11e7-9d01-bb7116ec8469] - Session.negotiatedCapabilities - {"browserName":"phantomjs","version":"2.1.1","driverName":"ghostdriver","driverVersion":"1.2.0","platform":"windows-7-32bit","javascriptEnabled":true,"takesScreenshot":true,"handlesAlerts":false,"databaseEnabled":false,"locationContextEnabled":false,"applicationCacheEnabled":false,"browserConnectionEnabled":false,"cssSelectorsEnabled":true,"webStorageEnabled":false,"rotatable":false,"acceptSslCerts":false,"nativeEvents":true,"proxy":{"proxyType":"direct"}}
[INFO  - 2017-09-04T12:15:59.893Z] SessionManagerReqHand - _postNewSessionCommand - New Session Created: cfea5010-916a-11e7-9d01-bb7116ec8469
[INFO  - 2017-09-04T12:20:59.143Z] SessionManagerReqHand - _cleanupWindowlessSessions - Asynchronous Sessions clean-up phase starting NOW
[INFO  - 2017-09-04T12:25:59.146Z] SessionManagerReqHand - _cleanupWindowlessSessions - Asynchronous Sessions clean-up phase starting NOW
[INFO  - 2017-09-04T12:30:59.146Z] SessionManagerReqHand - _cleanupWindowlessSessions - Asynchronous Sessions clean-up phase starting NOW
criptEnabled":true,"loadImages":true,"localToRemoteUrlAccessEnabled":false,"userAgent":"Mozilla/5.0 (Windows NT 6.1; WOW64) AppleWebKit/538.1 (KHTML, like Gecko) PhantomJS/2.1.1 Safari/538.1","webSecurityEnabled":true}
[INFO  - 2017-09-04T12:23:33.108Z] Session [de0d47f0-916b-11e7-9ea5-d3b71a65bef7] - page.customHeaders:  - {}
[INFO  - 2017-09-04T12:23:33.108Z] Session [de0d47f0-916b-11e7-9ea5-d3b71a65bef7] - Session.negotiatedCapabilities - {"browserName":"phantomjs","version":"2.1.1","driverName":"ghostdriver","driverVersion":"1.2.0","platform":"windows-7-32bit","javascriptEnabled":true,"takesScreenshot":true,"handlesAlerts":false,"databaseEnabled":false,"locationContextEnabled":false,"applicationCacheEnabled":false,"browserConnectionEnabled":false,"cssSelectorsEnabled":true,"webStorageEnabled":false,"rotatable":false,"acceptSslCerts":false,"nativeEvents":true,"proxy":{"proxyType":"direct"}}
[INFO  - 2017-09-04T12:23:33.108Z] SessionManagerReqHand - _postNewSessionCommand - New Session Created: de0d47f0-916b-11e7-9ea5-d3b71a65bef7
[INFO  - 2017-09-04T12:24:23.854Z] ShutdownReqHand - _handle - About to shutdown
[INFO  - 2017-09-04T12:30:27.506Z] GhostDriver - Main - running on port 36157
[INFO  - 2017-09-04T12:30:28.239Z] Session [d57d3ea0-916c-11e7-a63c-819a855c2278] - page.settings - {"XSSAuditingEnabled":false,"javascriptCanCloseWindows":true,"javascriptCanOpenWindows":true,"javascriptEnabled":true,"loadImages":true,"localToRemoteUrlAccessEnabled":false,"userAgent":"Mozilla/5.0 (Windows NT 6.1; WOW64) AppleWebKit/538.1 (KHTML, like Gecko) PhantomJS/2.1.1 Safari/538.1","webSecurityEnabled":true}
[INFO  - 2017-09-04T12:30:28.239Z] Session [d57d3ea0-916c-11e7-a63c-819a855c2278] - page.customHeaders:  - {}
[INFO  - 2017-09-04T12:30:28.239Z] Session [d57d3ea0-916c-11e7-a63c-819a855c2278] - Session.negotiatedCapabilities - {"browserName":"phantomjs","version":"2.1.1","driverName":"ghostdriver","driverVersion":"1.2.0","platform":"windows-7-32bit","javascriptEnabled":true,"takesScreenshot":true,"handlesAlerts":false,"databaseEnabled":false,"locationContextEnabled":false,"applicationCacheEnabled":false,"browserConnectionEnabled":false,"cssSelectorsEnabled":true,"webStorageEnabled":false,"rotatable":false,"acceptSslCerts":false,"nativeEvents":true,"proxy":{"proxyType":"direct"}}
[INFO  - 2017-09-04T12:30:28.239Z] SessionManagerReqHand - _postNewSessionCommand - New Session Created: d57d3ea0-916c-11e7-a63c-819a855c2278
[INFO  - 2017-09-04T12:31:21.454Z] ShutdownReqHand - _handle - About to shutdown
[INFO  - 2017-09-26T10:34:27.176Z] GhostDriver - Main - running on port 22385
[INFO  - 2017-09-26T10:34:27.922Z] Session [45e7a7d0-a2a6-11e7-baab-a57e286f21d9] - page.settings - {"XSSAuditingEnabled":false,"javascriptCanCloseWindows":true,"javascriptCanOpenWindows":true,"javascriptEnabled":true,"loadImages":true,"localToRemoteUrlAccessEnabled":false,"userAgent":"Mozilla/5.0 (Windows NT 6.1; WOW64) AppleWebKit/538.1 (KHTML, like Gecko) PhantomJS/2.1.1 Safari/538.1","webSecurityEnabled":true}
[INFO  - 2017-09-26T10:34:27.922Z] Session [45e7a7d0-a2a6-11e7-baab-a57e286f21d9] - page.customHeaders:  - {}
[INFO  - 2017-09-26T10:34:27.922Z] Session [45e7a7d0-a2a6-11e7-baab-a57e286f21d9] - Session.negotiatedCapabilities - {"browserName":"phantomjs","version":"2.1.1","driverName":"ghostdriver","driverVersion":"1.2.0","platform":"windows-7-32bit","javascriptEnabled":true,"takesScreenshot":true,"handlesAlerts":false,"databaseEnabled":false,"locationContextEnabled":false,"applicationCacheEnabled":false,"browserConnectionEnabled":false,"cssSelectorsEnabled":true,"webStorageEnabled":false,"rotatable":false,"acceptSslCerts":false,"nativeEvents":true,"proxy":{"proxyType":"direct"}}
[INFO  - 2017-09-26T10:34:27.922Z] SessionManagerReqHand - _postNewSessionCommand - New Session Created: 45e7a7d0-a2a6-11e7-baab-a57e286f21d9
[ERROR - 2017-09-26T10:34:54.099Z] WebElementLocator - _handleLocateCommand - Element(s) NOT Found: GAVE UP. Search Stop Time: 1506422094061
[INFO  - 2017-09-26T10:34:54.440Z] ShutdownReqHand - _handle - About to shutdown
[INFO  - 2017-09-26T10:58:20.374Z] GhostDriver - Main - running on port 26820
[INFO  - 2017-09-26T10:58:21.088Z] Session [9c236eb0-a2a9-11e7-96cb-19bf22f5ba7f] - page.settings - {"XSSAuditingEnabled":false,"javascriptCanCloseWindows":true,"javascriptCanOpenWindows":true,"javascriptEnabled":true,"loadImages":true,"localToRemoteUrlAccessEnabled":false,"userAgent":"Mozilla/5.0 (Windows NT 6.1; WOW64) AppleWebKit/538.1 (KHTML, like Gecko) PhantomJS/2.1.1 Safari/538.1","webSecurityEnabled":true}
[INFO  - 2017-09-26T10:58:21.088Z] Session [9c236eb0-a2a9-11e7-96cb-19bf22f5ba7f] - page.customHeaders:  - {}
[INFO  - 2017-09-26T10:58:21.088Z] Session [9c236eb0-a2a9-11e7-96cb-19bf22f5ba7f] - Session.negotiatedCapabilities - {"browserName":"phantomjs","version":"2.1.1","driverName":"ghostdriver","driverVersion":"1.2.0","platform":"windows-7-32bit","javascriptEnabled":true,"takesScreenshot":true,"handlesAlerts":false,"databaseEnabled":false,"locationContextEnabled":false,"applicationCacheEnabled":false,"browserConnectionEnabled":false,"cssSelectorsEnabled":true,"webStorageEnabled":false,"rotatable":false,"acceptSslCerts":false,"nativeEvents":true,"proxy":{"proxyType":"direct"}}
[INFO  - 2017-09-26T10:58:21.089Z] SessionManagerReqHand - _postNewSessionCommand - New Session Created: 9c236eb0-a2a9-11e7-96cb-19bf22f5ba7f
[ERROR - 2017-09-26T10:58:31.260Z] WebElementLocator - _handleLocateCommand - Element(s) NOT Found: GAVE UP. Search Stop Time: 1506423511223
[INFO  - 2017-09-26T10:58:31.382Z] ShutdownReqHand - _handle - About to shutdown
[INFO  - 2017-09-26T10:58:49.979Z] GhostDriver - Main - running on port 7666
[INFO  - 2017-09-26T10:58:50.207Z] Session [ad7ecab0-a2a9-11e7-9112-b5bac712d1f6] - page.settings - {"XSSAuditingEnabled":false,"javascriptCanCloseWindows":true,"javascriptCanOpenWindows":true,"javascriptEnabled":true,"loadImages":true,"localToRemoteUrlAccessEnabled":false,"userAgent":"Mozilla/5.0 (Windows NT 6.1; WOW64) AppleWebKit/538.1 (KHTML, like Gecko) PhantomJS/2.1.1 Safari/538.1","webSecurityEnabled":true}
[INFO  - 2017-09-26T10:58:50.207Z] Session [ad7ecab0-a2a9-11e7-9112-b5bac712d1f6] - page.customHeaders:  - {}
[INFO  - 2017-09-26T10:58:50.207Z] Session [ad7ecab0-a2a9-11e7-9112-b5bac712d1f6] - Session.negotiatedCapabilities - {"browserName":"phantomjs","version":"2.1.1","driverName":"ghostdriver","driverVersion":"1.2.0","platform":"windows-7-32bit","javascriptEnabled":true,"takesScreenshot":true,"handlesAlerts":false,"databaseEnabled":false,"locationContextEnabled":false,"applicationCacheEnabled":false,"browserConnectionEnabled":false,"cssSelectorsEnabled":true,"webStorageEnabled":false,"rotatable":false,"acceptSslCerts":false,"nativeEvents":true,"proxy":{"proxyType":"direct"}}
[INFO  - 2017-09-26T10:58:50.208Z] SessionManagerReqHand - _postNewSessionCommand - New Session Created: ad7ecab0-a2a9-11e7-9112-b5bac712d1f6
[ERROR - 2017-09-26T10:59:00.244Z] WebElementLocator - _handleLocateCommand - Element(s) NOT Found: GAVE UP. Search Stop Time: 1506423540184
[INFO  - 2017-09-26T10:59:00.332Z] ShutdownReqHand - _handle - About to shutdown
[INFO  - 2017-09-26T11:00:08.122Z] GhostDriver - Main - running on port 11063
[INFO  - 2017-09-26T11:00:08.871Z] Session [dc61f730-a2a9-11e7-b2b6-7fa704e9e90c] - page.settings - {"XSSAuditingEnabled":false,"javascriptCanCloseWindows":true,"javascriptCanOpenWindows":true,"javascriptEnabled":true,"loadImages":true,"localToRemoteUrlAccessEnabled":false,"userAgent":"Mozilla/5.0 (Windows NT 6.1; WOW64) AppleWebKit/538.1 (KHTML, like Gecko) PhantomJS/2.1.1 Safari/538.1","webSecurityEnabled":true}
[INFO  - 2017-09-26T11:00:08.871Z] Session [dc61f730-a2a9-11e7-b2b6-7fa704e9e90c] - page.customHeaders:  - {}
[INFO  - 2017-09-26T11:00:08.872Z] Session [dc61f730-a2a9-11e7-b2b6-7fa704e9e90c] - Session.negotiatedCapabilities - {"browserName":"phantomjs","version":"2.1.1","driverName":"ghostdriver","driverVersion":"1.2.0","platform":"windows-7-32bit","javascriptEnabled":true,"takesScreenshot":true,"handlesAlerts":false,"databaseEnabled":false,"locationContextEnabled":false,"applicationCacheEnabled":false,"browserConnectionEnabled":false,"cssSelectorsEnabled":true,"webStorageEnabled":false,"rotatable":false,"acceptSslCerts":false,"nativeEvents":true,"proxy":{"proxyType":"direct"}}
[INFO  - 2017-09-26T11:00:08.872Z] SessionManagerReqHand - _postNewSessionCommand - New Session Created: dc61f730-a2a9-11e7-b2b6-7fa704e9e90c
[ERROR - 2017-09-26T11:00:18.806Z] WebElementLocator - _handleLocateCommand - Element(s) NOT Found: GAVE UP. Search Stop Time: 1506423618800
[INFO  - 2017-09-26T11:00:18.900Z] ShutdownReqHand - _handle - About to shutdown
[INFO  - 2017-09-26T11:01:03.756Z] GhostDriver - Main - running on port 36668
[INFO  - 2017-09-26T11:01:04.499Z] Session [fd89f8e0-a2a9-11e7-857a-45c13ecbe1a2] - page.settings - {"XSSAuditingEnabled":false,"javascriptCanCloseWindows":true,"javascriptCanOpenWindows":true,"javascriptEnabled":true,"loadImages":true,"localToRemoteUrlAccessEnabled":false,"userAgent":"Mozilla/5.0 (Windows NT 6.1; WOW64) AppleWebKit/538.1 (KHTML, like Gecko) PhantomJS/2.1.1 Safari/538.1","webSecurityEnabled":true}
[INFO  - 2017-09-26T11:01:04.499Z] Session [fd89f8e0-a2a9-11e7-857a-45c13ecbe1a2] - page.customHeaders:  - {}
[INFO  - 2017-09-26T11:01:04.499Z] Session [fd89f8e0-a2a9-11e7-857a-45c13ecbe1a2] - Session.negotiatedCapabilities - {"browserName":"phantomjs","version":"2.1.1","driverName":"ghostdriver","driverVersion":"1.2.0","platform":"windows-7-32bit","javascriptEnabled":true,"takesScreenshot":true,"handlesAlerts":false,"databaseEnabled":false,"locationContextEnabled":false,"applicationCacheEnabled":false,"browserConnectionEnabled":false,"cssSelectorsEnabled":true,"webStorageEnabled":false,"rotatable":false,"acceptSslCerts":false,"nativeEvents":true,"proxy":{"proxyType":"direct"}}
[INFO  - 2017-09-26T11:01:04.500Z] SessionManagerReqHand - _postNewSessionCommand - New Session Created: fd89f8e0-a2a9-11e7-857a-45c13ecbe1a2
[ERROR - 2017-09-26T11:01:14.546Z] WebElementLocator - _handleLocateCommand - Element(s) NOT Found: GAVE UP. Search Stop Time: 1506423674534
[INFO  - 2017-09-26T11:01:14.636Z] ShutdownReqHand - _handle - About to shutdown
[INFO  - 2017-09-26T11:01:40.526Z] GhostDriver - Main - running on port 23435
[INFO  - 2017-09-26T11:01:40.760Z] Session [13271d40-a2aa-11e7-9a10-0d97b37c9fd5] - page.settings - {"XSSAuditingEnabled":false,"javascriptCanCloseWindows":true,"javascriptCanOpenWindows":true,"javascriptEnabled":true,"loadImages":true,"localToRemoteUrlAccessEnabled":false,"userAgent":"Mozilla/5.0 (Windows NT 6.1; WOW64) AppleWebKit/538.1 (KHTML, like Gecko) PhantomJS/2.1.1 Safari/538.1","webSecurityEnabled":true}
[INFO  - 2017-09-26T11:01:40.760Z] Session [13271d40-a2aa-11e7-9a10-0d97b37c9fd5] - page.customHeaders:  - {}
[INFO  - 2017-09-26T11:01:40.760Z] Session [13271d40-a2aa-11e7-9a10-0d97b37c9fd5] - Session.negotiatedCapabilities - {"browserName":"phantomjs","version":"2.1.1","driverName":"ghostdriver","driverVersion":"1.2.0","platform":"windows-7-32bit","javascriptEnabled":true,"takesScreenshot":true,"handlesAlerts":false,"databaseEnabled":false,"locationContextEnabled":false,"applicationCacheEnabled":false,"browserConnectionEnabled":false,"cssSelectorsEnabled":true,"webStorageEnabled":false,"rotatable":false,"acceptSslCerts":false,"nativeEvents":true,"proxy":{"proxyType":"direct"}}
[INFO  - 2017-09-26T11:01:40.760Z] SessionManagerReqHand - _postNewSessionCommand - New Session Created: 13271d40-a2aa-11e7-9a10-0d97b37c9fd5
[ERROR - 2017-09-26T11:01:51.035Z] WebElementLocator - _handleLocateCommand - Element(s) NOT Found: GAVE UP. Search Stop Time: 1506423710999
[INFO  - 2017-09-26T11:01:51.135Z] ShutdownReqHand - _handle - About to shutdown
[INFO  - 2017-09-26T11:02:36.796Z] GhostDriver - Main - running on port 8678
[INFO  - 2017-09-26T11:02:37.533Z] Session [34fdfc90-a2aa-11e7-b471-39501278694a] - page.settings - {"XSSAuditingEnabled":false,"javascriptCanCloseWindows":true,"javascriptCanOpenWindows":true,"javascriptEnabled":true,"loadImages":true,"localToRemoteUrlAccessEnabled":false,"userAgent":"Mozilla/5.0 (Windows NT 6.1; WOW64) AppleWebKit/538.1 (KHTML, like Gecko) PhantomJS/2.1.1 Safari/538.1","webSecurityEnabled":true}
[INFO  - 2017-09-26T11:02:37.533Z] Session [34fdfc90-a2aa-11e7-b471-39501278694a] - page.customHeaders:  - {}
[INFO  - 2017-09-26T11:02:37.534Z] Session [34fdfc90-a2aa-11e7-b471-39501278694a] - Session.negotiatedCapabilities - {"browserName":"phantomjs","version":"2.1.1","driverName":"ghostdriver","driverVersion":"1.2.0","platform":"windows-7-32bit","javascriptEnabled":true,"takesScreenshot":true,"handlesAlerts":false,"databaseEnabled":false,"locationContextEnabled":false,"applicationCacheEnabled":false,"browserConnectionEnabled":false,"cssSelectorsEnabled":true,"webStorageEnabled":false,"rotatable":false,"acceptSslCerts":false,"nativeEvents":true,"proxy":{"proxyType":"direct"}}
[INFO  - 2017-09-26T11:02:37.534Z] SessionManagerReqHand - _postNewSessionCommand - New Session Created: 34fdfc90-a2aa-11e7-b471-39501278694a
[ERROR - 2017-09-26T11:02:46.263Z] WebElementLocator - _handleLocateCommand - Element(s) NOT Found: GAVE UP. Search Stop Time: 1506423766211
[INFO  - 2017-09-26T11:02:46.353Z] ShutdownReqHand - _handle - About to shutdown
[INFO  - 2017-09-26T11:03:35.019Z] GhostDriver - Main - running on port 38021
[INFO  - 2017-09-26T11:03:35.757Z] Session [57b24390-a2aa-11e7-a68e-b56af473979d] - page.settings - {"XSSAuditingEnabled":false,"javascriptCanCloseWindows":true,"javascriptCanOpenWindows":true,"javascriptEnabled":true,"loadImages":true,"localToRemoteUrlAccessEnabled":false,"userAgent":"Mozilla/5.0 (Windows NT 6.1; WOW64) AppleWebKit/538.1 (KHTML, like Gecko) PhantomJS/2.1.1 Safari/538.1","webSecurityEnabled":true}
[INFO  - 2017-09-26T11:03:35.757Z] Session [57b24390-a2aa-11e7-a68e-b56af473979d] - page.customHeaders:  - {}
[INFO  - 2017-09-26T11:03:35.757Z] Session [57b24390-a2aa-11e7-a68e-b56af473979d] - Session.negotiatedCapabilities - {"browserName":"phantomjs","version":"2.1.1","driverName":"ghostdriver","driverVersion":"1.2.0","platform":"windows-7-32bit","javascriptEnabled":true,"takesScreenshot":true,"handlesAlerts":false,"databaseEnabled":false,"locationContextEnabled":false,"applicationCacheEnabled":false,"browserConnectionEnabled":false,"cssSelectorsEnabled":true,"webStorageEnabled":false,"rotatable":false,"acceptSslCerts":false,"nativeEvents":true,"proxy":{"proxyType":"direct"}}
[INFO  - 2017-09-26T11:03:35.757Z] SessionManagerReqHand - _postNewSessionCommand - New Session Created: 57b24390-a2aa-11e7-a68e-b56af473979d
[ERROR - 2017-09-26T11:03:44.358Z] WebElementLocator - _handleLocateCommand - Element(s) NOT Found: GAVE UP. Search Stop Time: 1506423824321
[INFO  - 2017-09-26T11:03:44.455Z] ShutdownReqHand - _handle - About to shutdown
[INFO  - 2017-09-26T11:05:03.309Z] GhostDriver - Main - running on port 19562
[INFO  - 2017-09-26T11:05:04.060Z] Session [8c541470-a2aa-11e7-bb20-4da0e41b0c2e] - page.settings - {"XSSAuditingEnabled":false,"javascriptCanCloseWindows":true,"javascriptCanOpenWindows":true,"javascriptEnabled":true,"loadImages":true,"localToRemoteUrlAccessEnabled":false,"userAgent":"Mozilla/5.0 (Windows NT 6.1; WOW64) AppleWebKit/538.1 (KHTML, like Gecko) PhantomJS/2.1.1 Safari/538.1","webSecurityEnabled":true}
[INFO  - 2017-09-26T11:05:04.060Z] Session [8c541470-a2aa-11e7-bb20-4da0e41b0c2e] - page.customHeaders:  - {}
[INFO  - 2017-09-26T11:05:04.060Z] Session [8c541470-a2aa-11e7-bb20-4da0e41b0c2e] - Session.negotiatedCapabilities - {"browserName":"phantomjs","version":"2.1.1","driverName":"ghostdriver","driverVersion":"1.2.0","platform":"windows-7-32bit","javascriptEnabled":true,"takesScreenshot":true,"handlesAlerts":false,"databaseEnabled":false,"locationContextEnabled":false,"applicationCacheEnabled":false,"browserConnectionEnabled":false,"cssSelectorsEnabled":true,"webStorageEnabled":false,"rotatable":false,"acceptSslCerts":false,"nativeEvents":true,"proxy":{"proxyType":"direct"}}
[INFO  - 2017-09-26T11:05:04.060Z] SessionManagerReqHand - _postNewSessionCommand - New Session Created: 8c541470-a2aa-11e7-bb20-4da0e41b0c2e
[ERROR - 2017-09-26T11:05:12.828Z] WebElementLocator - _handleLocateCommand - Element(s) NOT Found: GAVE UP. Search Stop Time: 1506423912791
[INFO  - 2017-09-26T11:05:12.921Z] ShutdownReqHand - _handle - About to shutdown
[INFO  - 2017-09-26T11:07:33.832Z] GhostDriver - Main - running on port 2297
[INFO  - 2017-09-26T11:07:34.559Z] Session [e60867a0-a2aa-11e7-9293-f977fb955da4] - page.settings - {"XSSAuditingEnabled":false,"javascriptCanCloseWindows":true,"javascriptCanOpenWindows":true,"javascriptEnabled":true,"loadImages":true,"localToRemoteUrlAccessEnabled":false,"userAgent":"Mozilla/5.0 (Windows NT 6.1; WOW64) AppleWebKit/538.1 (KHTML, like Gecko) PhantomJS/2.1.1 Safari/538.1","webSecurityEnabled":true}
[INFO  - 2017-09-26T11:07:34.559Z] Session [e60867a0-a2aa-11e7-9293-f977fb955da4] - page.customHeaders:  - {}
[INFO  - 2017-09-26T11:07:34.559Z] Session [e60867a0-a2aa-11e7-9293-f977fb955da4] - Session.negotiatedCapabilities - {"browserName":"phantomjs","version":"2.1.1","driverName":"ghostdriver","driverVersion":"1.2.0","platform":"windows-7-32bit","javascriptEnabled":true,"takesScreenshot":true,"handlesAlerts":false,"databaseEnabled":false,"locationContextEnabled":false,"applicationCacheEnabled":false,"browserConnectionEnabled":false,"cssSelectorsEnabled":true,"webStorageEnabled":false,"rotatable":false,"acceptSslCerts":false,"nativeEvents":true,"proxy":{"proxyType":"direct"}}
[INFO  - 2017-09-26T11:07:34.559Z] SessionManagerReqHand - _postNewSessionCommand - New Session Created: e60867a0-a2aa-11e7-9293-f977fb955da4
[ERROR - 2017-09-26T11:07:53.986Z] WebElementLocator - _handleLocateCommand - Element(s) NOT Found: GAVE UP. Search Stop Time: 1506424073925
[INFO  - 2017-09-26T11:07:54.847Z] ShutdownReqHand - _handle - About to shutdown
[INFO  - 2017-09-26T11:08:27.685Z] GhostDriver - Main - running on port 19317
[INFO  - 2017-09-26T11:08:28.429Z] Session [06245080-a2ab-11e7-8d88-43c1bb397c59] - page.settings - {"XSSAuditingEnabled":false,"javascriptCanCloseWindows":true,"javascriptCanOpenWindows":true,"javascriptEnabled":true,"loadImages":true,"localToRemoteUrlAccessEnabled":false,"userAgent":"Mozilla/5.0 (Windows NT 6.1; WOW64) AppleWebKit/538.1 (KHTML, like Gecko) PhantomJS/2.1.1 Safari/538.1","webSecurityEnabled":true}
[INFO  - 2017-09-26T11:08:28.429Z] Session [06245080-a2ab-11e7-8d88-43c1bb397c59] - page.customHeaders:  - {}
[INFO  - 2017-09-26T11:08:28.429Z] Session [06245080-a2ab-11e7-8d88-43c1bb397c59] - Session.negotiatedCapabilities - {"browserName":"phantomjs","version":"2.1.1","driverName":"ghostdriver","driverVersion":"1.2.0","platform":"windows-7-32bit","javascriptEnabled":true,"takesScreenshot":true,"handlesAlerts":false,"databaseEnabled":false,"locationContextEnabled":false,"applicationCacheEnabled":false,"browserConnectionEnabled":false,"cssSelectorsEnabled":true,"webStorageEnabled":false,"rotatable":false,"acceptSslCerts":false,"nativeEvents":true,"proxy":{"proxyType":"direct"}}
[INFO  - 2017-09-26T11:08:28.429Z] SessionManagerReqHand - _postNewSessionCommand - New Session Created: 06245080-a2ab-11e7-8d88-43c1bb397c59
[ERROR - 2017-09-26T11:08:59.461Z] WebElementLocator - _handleLocateCommand - Element(s) NOT Found: GAVE UP. Search Stop Time: 1506424139423
[INFO  - 2017-09-26T11:09:00.063Z] ShutdownReqHand - _handle - About to shutdown
[INFO  - 2017-09-26T11:09:04.691Z] GhostDriver - Main - running on port 7335
[INFO  - 2017-09-26T11:09:05.417Z] Session [1c306350-a2ab-11e7-9604-c1cf7dc0480e] - page.settings - {"XSSAuditingEnabled":false,"javascriptCanCloseWindows":true,"javascriptCanOpenWindows":true,"javascriptEnabled":true,"loadImages":true,"localToRemoteUrlAccessEnabled":false,"userAgent":"Mozilla/5.0 (Windows NT 6.1; WOW64) AppleWebKit/538.1 (KHTML, like Gecko) PhantomJS/2.1.1 Safari/538.1","webSecurityEnabled":true}
[INFO  - 2017-09-26T11:09:05.417Z] Session [1c306350-a2ab-11e7-9604-c1cf7dc0480e] - page.customHeaders:  - {}
[INFO  - 2017-09-26T11:09:05.417Z] Session [1c306350-a2ab-11e7-9604-c1cf7dc0480e] - Session.negotiatedCapabilities - {"browserName":"phantomjs","version":"2.1.1","driverName":"ghostdriver","driverVersion":"1.2.0","platform":"windows-7-32bit","javascriptEnabled":true,"takesScreenshot":true,"handlesAlerts":false,"databaseEnabled":false,"locationContextEnabled":false,"applicationCacheEnabled":false,"browserConnectionEnabled":false,"cssSelectorsEnabled":true,"webStorageEnabled":false,"rotatable":false,"acceptSslCerts":false,"nativeEvents":true,"proxy":{"proxyType":"direct"}}
[INFO  - 2017-09-26T11:09:05.418Z] SessionManagerReqHand - _postNewSessionCommand - New Session Created: 1c306350-a2ab-11e7-9604-c1cf7dc0480e
[ERROR - 2017-09-26T11:09:40.083Z] WebElementLocator - _handleLocateCommand - Element(s) NOT Found: GAVE UP. Search Stop Time: 1506424180041
[INFO  - 2017-09-26T11:09:40.725Z] ShutdownReqHand - _handle - About to shutdown
[INFO  - 2017-09-26T11:10:13.442Z] GhostDriver - Main - running on port 2223
[INFO  - 2017-09-26T11:10:14.187Z] Session [452ddb70-a2ab-11e7-9596-a37fd4d35a98] - page.settings - {"XSSAuditingEnabled":false,"javascriptCanCloseWindows":true,"javascriptCanOpenWindows":true,"javascriptEnabled":true,"loadImages":true,"localToRemoteUrlAccessEnabled":false,"userAgent":"Mozilla/5.0 (Windows NT 6.1; WOW64) AppleWebKit/538.1 (KHTML, like Gecko) PhantomJS/2.1.1 Safari/538.1","webSecurityEnabled":true}
[INFO  - 2017-09-26T11:10:14.187Z] Session [452ddb70-a2ab-11e7-9596-a37fd4d35a98] - page.customHeaders:  - {}
[INFO  - 2017-09-26T11:10:14.187Z] Session [452ddb70-a2ab-11e7-9596-a37fd4d35a98] - Session.negotiatedCapabilities - {"browserName":"phantomjs","version":"2.1.1","driverName":"ghostdriver","driverVersion":"1.2.0","platform":"windows-7-32bit","javascriptEnabled":true,"takesScreenshot":true,"handlesAlerts":false,"databaseEnabled":false,"locationContextEnabled":false,"applicationCacheEnabled":false,"browserConnectionEnabled":false,"cssSelectorsEnabled":true,"webStorageEnabled":false,"rotatable":false,"acceptSslCerts":false,"nativeEvents":true,"proxy":{"proxyType":"direct"}}
[INFO  - 2017-09-26T11:10:14.187Z] SessionManagerReqHand - _postNewSessionCommand - New Session Created: 452ddb70-a2ab-11e7-9596-a37fd4d35a98
[ERROR - 2017-09-26T11:10:24.199Z] WebElementLocator - _handleLocateCommand - Element(s) NOT Found: GAVE UP. Search Stop Time: 1506424224167
[INFO  - 2017-09-26T11:10:24.669Z] ShutdownReqHand - _handle - About to shutdown
[INFO  - 2017-09-26T11:24:37.596Z] GhostDriver - Main - running on port 45013
[INFO  - 2017-09-26T11:24:38.326Z] Session [483f0120-a2ad-11e7-86d1-077b81a5df0e] - page.settings - {"XSSAuditingEnabled":false,"javascriptCanCloseWindows":true,"javascriptCanOpenWindows":true,"javascriptEnabled":true,"loadImages":true,"localToRemoteUrlAccessEnabled":false,"userAgent":"Mozilla/5.0 (Windows NT 6.1; WOW64) AppleWebKit/538.1 (KHTML, like Gecko) PhantomJS/2.1.1 Safari/538.1","webSecurityEnabled":true}
[INFO  - 2017-09-26T11:24:38.326Z] Session [483f0120-a2ad-11e7-86d1-077b81a5df0e] - page.customHeaders:  - {}
[INFO  - 2017-09-26T11:24:38.327Z] Session [483f0120-a2ad-11e7-86d1-077b81a5df0e] - Session.negotiatedCapabilities - {"browserName":"phantomjs","version":"2.1.1","driverName":"ghostdriver","driverVersion":"1.2.0","platform":"windows-7-32bit","javascriptEnabled":true,"takesScreenshot":true,"handlesAlerts":false,"databaseEnabled":false,"locationContextEnabled":false,"applicationCacheEnabled":false,"browserConnectionEnabled":false,"cssSelectorsEnabled":true,"webStorageEnabled":false,"rotatable":false,"acceptSslCerts":false,"nativeEvents":true,"proxy":{"proxyType":"direct"}}
[INFO  - 2017-09-26T11:24:38.327Z] SessionManagerReqHand - _postNewSessionCommand - New Session Created: 483f0120-a2ad-11e7-86d1-077b81a5df0e
[ERROR - 2017-09-26T11:24:50.833Z] WebElementLocator - _handleLocateCommand - Element(s) NOT Found: GAVE UP. Search Stop Time: 1506425090795
[INFO  - 2017-09-26T11:24:51.182Z] ShutdownReqHand - _handle - About to shutdown
[INFO  - 2017-09-26T11:48:06.120Z] GhostDriver - Main - running on port 36637
[INFO  - 2017-09-26T11:48:06.371Z] Session [8f8177e0-a2b0-11e7-b41d-f1fe9016b936] - page.settings - {"XSSAuditingEnabled":false,"javascriptCanCloseWindows":true,"javascriptCanOpenWindows":true,"javascriptEnabled":true,"loadImages":true,"localToRemoteUrlAccessEnabled":false,"userAgent":"Mozilla/5.0 (Windows NT 6.1; WOW64) AppleWebKit/538.1 (KHTML, like Gecko) PhantomJS/2.1.1 Safari/538.1","webSecurityEnabled":true}
[INFO  - 2017-09-26T11:48:06.371Z] Session [8f8177e0-a2b0-11e7-b41d-f1fe9016b936] - page.customHeaders:  - {}
[INFO  - 2017-09-26T11:48:06.371Z] Session [8f8177e0-a2b0-11e7-b41d-f1fe9016b936] - Session.negotiatedCapabilities - {"browserName":"phantomjs","version":"2.1.1","driverName":"ghostdriver","driverVersion":"1.2.0","platform":"windows-7-32bit","javascriptEnabled":true,"takesScreenshot":true,"handlesAlerts":false,"databaseEnabled":false,"locationContextEnabled":false,"applicationCacheEnabled":false,"browserConnectionEnabled":false,"cssSelectorsEnabled":true,"webStorageEnabled":false,"rotatable":false,"acceptSslCerts":false,"nativeEvents":true,"proxy":{"proxyType":"direct"}}
[INFO  - 2017-09-26T11:48:06.371Z] SessionManagerReqHand - _postNewSessionCommand - New Session Created: 8f8177e0-a2b0-11e7-b41d-f1fe9016b936
[ERROR - 2017-09-26T11:49:43.465Z] WebElementLocator - _handleLocateCommand - Element(s) NOT Found: GAVE UP. Search Stop Time: 1506426583424
[INFO  - 2017-09-26T11:49:43.796Z] ShutdownReqHand - _handle - About to shutdown
[INFO  - 2017-09-26T11:49:45.715Z] GhostDriver - Main - running on port 42625
[INFO  - 2017-09-26T11:49:49.954Z] GhostDriver - Main - running on port 1194
[INFO  - 2017-09-26T11:49:50.210Z] Session [cd6631e0-a2b0-11e7-a1cb-7f76c673b642] - page.settings - {"XSSAuditingEnabled":false,"javascriptCanCloseWindows":true,"javascriptCanOpenWindows":true,"javascriptEnabled":true,"loadImages":true,"localToRemoteUrlAccessEnabled":false,"userAgent":"Mozilla/5.0 (Windows NT 6.1; WOW64) AppleWebKit/538.1 (KHTML, like Gecko) PhantomJS/2.1.1 Safari/538.1","webSecurityEnabled":true}
[INFO  - 2017-09-26T11:49:50.210Z] Session [cd6631e0-a2b0-11e7-a1cb-7f76c673b642] - page.customHeaders:  - {}
[INFO  - 2017-09-26T11:49:50.211Z] Session [cd6631e0-a2b0-11e7-a1cb-7f76c673b642] - Session.negotiatedCapabilities - {"browserName":"phantomjs","version":"2.1.1","driverName":"ghostdriver","driverVersion":"1.2.0","platform":"windows-7-32bit","javascriptEnabled":true,"takesScreenshot":true,"handlesAlerts":false,"databaseEnabled":false,"locationContextEnabled":false,"applicationCacheEnabled":false,"browserConnectionEnabled":false,"cssSelectorsEnabled":true,"webStorageEnabled":false,"rotatable":false,"acceptSslCerts":false,"nativeEvents":true,"proxy":{"proxyType":"direct"}}
[INFO  - 2017-09-26T11:49:50.211Z] SessionManagerReqHand - _postNewSessionCommand - New Session Created: cd6631e0-a2b0-11e7-a1cb-7f76c673b642
[ERROR - 2017-09-26T11:51:30.683Z] WebElementLocator - _handleLocateCommand - Element(s) NOT Found: GAVE UP. Search Stop Time: 1506426690656
[INFO  - 2017-09-26T11:51:31.004Z] ShutdownReqHand - _handle - About to shutdown
[INFO  - 2017-09-26T12:21:19.501Z] GhostDriver - Main - running on port 15440
[INFO  - 2017-09-26T12:21:19.729Z] Session [33a3c2c0-a2b5-11e7-a13c-d7583d14d18c] - page.settings - {"XSSAuditingEnabled":false,"javascriptCanCloseWindows":true,"javascriptCanOpenWindows":true,"javascriptEnabled":true,"loadImages":true,"localToRemoteUrlAccessEnabled":false,"userAgent":"Mozilla/5.0 (Windows NT 6.1; WOW64) AppleWebKit/538.1 (KHTML, like Gecko) PhantomJS/2.1.1 Safari/538.1","webSecurityEnabled":true}
[INFO  - 2017-09-26T12:21:19.729Z] Session [33a3c2c0-a2b5-11e7-a13c-d7583d14d18c] - page.customHeaders:  - {}
[INFO  - 2017-09-26T12:21:19.729Z] Session [33a3c2c0-a2b5-11e7-a13c-d7583d14d18c] - Session.negotiatedCapabilities - {"browserName":"phantomjs","version":"2.1.1","driverName":"ghostdriver","driverVersion":"1.2.0","platform":"windows-7-32bit","javascriptEnabled":true,"takesScreenshot":true,"handlesAlerts":false,"databaseEnabled":false,"locationContextEnabled":false,"applicationCacheEnabled":false,"browserConnectionEnabled":false,"cssSelectorsEnabled":true,"webStorageEnabled":false,"rotatable":false,"acceptSslCerts":false,"nativeEvents":true,"proxy":{"proxyType":"direct"}}
[INFO  - 2017-09-26T12:21:19.729Z] SessionManagerReqHand - _postNewSessionCommand - New Session Created: 33a3c2c0-a2b5-11e7-a13c-d7583d14d18c
[INFO  - 2017-09-26T12:21:28.512Z] ShutdownReqHand - _handle - About to shutdown
[INFO  - 2017-09-26T12:22:20.392Z] GhostDriver - Main - running on port 7335
[INFO  - 2017-09-26T12:22:20.635Z] Session [57f14760-a2b5-11e7-a673-ffc9ea2a345c] - page.settings - {"XSSAuditingEnabled":false,"javascriptCanCloseWindows":true,"javascriptCanOpenWindows":true,"javascriptEnabled":true,"loadImages":true,"localToRemoteUrlAccessEnabled":false,"userAgent":"Mozilla/5.0 (Windows NT 6.1; WOW64) AppleWebKit/538.1 (KHTML, like Gecko) PhantomJS/2.1.1 Safari/538.1","webSecurityEnabled":true}
[INFO  - 2017-09-26T12:22:20.635Z] Session [57f14760-a2b5-11e7-a673-ffc9ea2a345c] - page.customHeaders:  - {}
[INFO  - 2017-09-26T12:22:20.635Z] Session [57f14760-a2b5-11e7-a673-ffc9ea2a345c] - Session.negotiatedCapabilities - {"browserName":"phantomjs","version":"2.1.1","driverName":"ghostdriver","driverVersion":"1.2.0","platform":"windows-7-32bit","javascriptEnabled":true,"takesScreenshot":true,"handlesAlerts":false,"databaseEnabled":false,"locationContextEnabled":false,"applicationCacheEnabled":false,"browserConnectionEnabled":false,"cssSelectorsEnabled":true,"webStorageEnabled":false,"rotatable":false,"acceptSslCerts":false,"nativeEvents":true,"proxy":{"proxyType":"direct"}}
[INFO  - 2017-09-26T12:22:20.636Z] SessionManagerReqHand - _postNewSessionCommand - New Session Created: 57f14760-a2b5-11e7-a673-ffc9ea2a345c
[INFO  - 2017-09-26T12:22:27.434Z] ShutdownReqHand - _handle - About to shutdown
